
SQLTEXT                          RN      CPU_S    READS_K SQL_ID            ETIME_S AVG_ELAP_MS MIN_SCHEMA      EXECS PLANS    AVG_BUF    AVG_ROW
------------------------------ ---- ---------- ---------- -------------- ---------- ----------- ---------- ---------- ----- ---------- ----------
call dbms_stats.gather_databas    1          8        126 b6usrg82hwsa3          18       18145 SYS                 1     1     647144          0
select u.name, o.name, a.inter    2          0          0 2syvqzbxp4k9z           0           1 SYS               128     1          1          0
select max(procedure#) from pr    3          0          0 2xgubd6ayhyb1           0           1 SYS                 9     1          2          1
select parttype, partcnt, part    4          0          0 9gkq7rruycsjp           0           1 SYS               699     1          1         .4
/* SQL Analyze(1) */ select /*    5          0          0 a87ss3suv03n8           0           8 SYS                 1     1        127          1
SELECT /*+ rule */ U.NAME, OI.    6          0          0 0pr2z2d260swj           0           3 SYS                 2     1         82          1
SELECT /* OPT_DYN_SAMP */ /*+     7          0          0 9t2f9mw6167y1           0          26 SYS                 8     1         34          1
SELECT /*+ rule */ U.NAME, OT.    8          0          0 d89c1mh5pvbkz           0           1 SYS                66     1         33         23
select obj#, dataobj#, part#,     9          0          0 130dvvr5s8bgn           0           1 SYS               177     1          6          2
SELECT OBJOID, CLSOID,    DECO   10          0          0 bn4b3vjw2mj3u           0           1 SYS                15     2          6          0
SELECT /*+ first_rows(1) */ '"   11          0          0 0h7jc6t42jsdy           0           1 SYS               110     1          9          0
merge /*+ d                      12          0          0 1wdhux6669jk1           0           6 SYS                 1     1         36          0
SELECT /* OPT_DYN_SAMP */ /*+    13          0          0 3q0ss9d5cp0ju           0          14 SYS                 4     1         32          1
insert into sys.wri$_optstat_h   14          0          0 d0xmnp08rhfbg           0           1 SYS              1607     1          9          1
select privilege#,nvl(col#,0),   15          0          0 3g7sxtj9d6zd3           0          31 SYS                 2     1          3          1
select owner#,name,namespace,r   16          0          0 3ktacv9r56b51           0           1 SYS               224     1         10        3.4
SELECT dbin.instance_number,     17          0          0 69k5bhm12sz98           0           1 SYS                 2     1          6          1
SELECT /* OPT_DYN_SAMP */ /*+    18          0          0 7z6sz679bj4c6           0           8 SYS                13     1         34          1
select shared_pool_size_for_es   19          0          0 772s25v1y0x8k           0           1 SYS               119     1          0         29
update sys.col_usage$ set   eq   20          0          0 3c1kubcdjnppq           0           1 SYS               524     1          3          1
SELECT P.VALCHAR FROM SYS.OPTS   21          0          0 cn39cg7kr98v6           0           1 SYS             14806     1          1          0
select /*+  no_parallel_index(   22          0          0 0257dm7dz2nu9           0          32 SYS                 1     1        142          1
update hist_head$ set bucket_c   23          0          0 330q95smuwnv9           0           1 SYS              1607     1          3          1
delete /*+ index(mm) */ from s   24          0          0 7tt3tfgb57599           0           1 SYS               110     1          5          1
insert into sys.wri$_optstat_t   25          0          0 9fg7fjbwmv7v8           0           1 SYS               110     1         10          1
select /*+  no_parallel_index(   26          0          0 g9m7794s0k622           0          59 SYS                 1     1        116          1
UPDATE /*+ INDEX(wrh$_seg_stat   27          0          0 7yjzq240hcd2c           0           7 SYS                 1     1        139          0

SQLTEXT                          RN      CPU_S    READS_K SQL_ID            ETIME_S AVG_ELAP_MS MIN_SCHEMA      EXECS PLANS    AVG_BUF    AVG_ROW
------------------------------ ---- ---------- ---------- -------------- ---------- ----------- ---------- ---------- ----- ---------- ----------
insert into wrh$_seg_stat_obj    28          0          0 691p2a1hswk0m           0          10 SYS                 1     1        197          1
update sys.mon_mods$ set inser   29          0          0 g00cj285jmgsw           0           1 SYS               142     1          2         .7
SELECT advisor_id FROM sys.wri   30          0          0 gdn3ysuyssf82           0           1 SYS                 1     1          2          1
/* SQL Analyze(1) */ select /*   31          0          0 1m9jgx6ftdx76           0          20 SYS                 1     1         68          1
SELECT /*+ ordered use_nl(o c    32          0          0 15aftu6tf4xd0           0           1 SYS               220     1         35       14.7
create global tempor             33          0          0 30c0hswqbnfq1           0         189 SYS                 1     1       1850          0
insert into histgrm$(obj#,intc   34          0          0 43ruajmwv9fus           0           1 SYS              1086     1         35        6.8
insert into wrh$_sga_target_ad   35          0          0 bunssq950snhf           0         174 SYS                 1     1          6          7
select a.default_cpu_cost, a.d   36          0          0 2xyb5d6xg9srh           0           1 SYS               126     1          1          0
SELECT :B2 FROM DUAL WHERE :B1   37          0          0 f6un7xh89rf66           0           1 SYS               126     1          1          1
declare TYPE attrs_cur IS REF    38          0          0 13t5kwh3tyfhu           0          20 MDSYS               7     1        163          1
select u.name, o.name, o.names   39          0          0 38243c4tqrkxm           0           1 SYS               253     1          8          1
/* SQL Analyze(1) */ select /*   40          0          0 7jrrhn237qwgd           0          12 SYS                 1     1        510          1
SELECT /*+ no_merge(v) no_push   41          0          0 bfvw6au9k6g02           0           4 SYS                19     1         33        1.1
select position#,sequence#,lev   42          0          0 32hbap2vtmf53           0           1 SYS               367     1         14        5.4
SELECT /* OPT_DYN_SAMP */ /*+    43          0          0 3qxs9gvah1sm6           0          10 SYS                10     1         32          1
select /*+ index(idl_sb4$ i_id   44          0          0 ga9j9xk5cy9s0           0           1 SYS                59     1          6        1.3
SELECT /*+ ordered use_nl(u io   45          0          0 8vj58v5cxstjj           0           1 SYS               134     1         18          1
declare         vsn  varchar2(   46          0          0 49s332uhbnsma           0           1 SYS               100     1          0          1
select procedure#,entrypoint#    47          0          0 bgjhtnqhr5u9h           0           1 SYS                 9     1         53       25.3
delete /*+ index(m) */ from sy   48          0          0 cpr1yyzpfkw2a           0           1 SYS               110     1          1         .1
SELECT OBJOID, CLSOID,           49          0          0 1tgukkrqj3zhw           0           1 SYS                15     1          4          0
select procedure#,ownerlength,   50          0          0 5j4c2v06qdhqq           0           1 SYS                 9     1          2          0

50 rows selected.

Elapsed: 00:00:00.04
